


ARM Macro Assembler    Page 1 


    1 00000000         ;*******************************************************
                       *************************************************
    2 00000000         ;                                               uC/CPU
    3 00000000         ;                                    CPU CONFIGURATION &
                        PORT LAYER
    4 00000000         ;
    5 00000000         ;                          (c) Copyright 2004-2008; Micr
                       ium, Inc.; Weston, FL
    6 00000000         ;
    7 00000000         ;               All rights reserved.  Protected by inter
                       national copyright laws.
    8 00000000         ;
    9 00000000         ;               uC/CPU is provided in source form for FR
                       EE evaluation, for educational
   10 00000000         ;               use or peaceful research.  If you plan o
                       n using uC/CPU in a commercial
   11 00000000         ;               product you need to contact Micrium to p
                       roperly license its use in your
   12 00000000         ;               product.  We provide ALL the source code
                        for your convenience and to
   13 00000000         ;               help you experience uC/CPU.  The fact th
                       at the source code is provided
   14 00000000         ;               does NOT mean that you can use it withou
                       t paying a licensing fee.
   15 00000000         ;
   16 00000000         ;               Knowledge of the source code may NOT be 
                       used to develop a similar product.
   17 00000000         ;
   18 00000000         ;               Please help us continue to provide the E
                       mbedded community with the finest
   19 00000000         ;               software available.  Your honesty is gre
                       atly appreciated.
   20 00000000         ;*******************************************************
                       *************************************************
   21 00000000         
   22 00000000         
   23 00000000         ;*******************************************************
                       *************************************************
   24 00000000         ;
   25 00000000         ;                                            CPU PORT FI
                       LE
   26 00000000         ;
   27 00000000         ;                                            ARM-Cortex-
                       M3
   28 00000000         ;                                            IAR C Compi
                       ler
   29 00000000         ;
   30 00000000         ; Filename      : cpu_a.asm
   31 00000000         ; Version       : V1.20
   32 00000000         ; Programmer(s) : JJL
   33 00000000         ;*******************************************************
                       *************************************************
   34 00000000         
   35 00000000         
   36 00000000         ;*******************************************************
                       *************************************************
   37 00000000         ;                                           EXPORT FUNCT
                       IONS
   38 00000000         ;*******************************************************



ARM Macro Assembler    Page 2 


                       *************************************************
   39 00000000         
   40 00000000                 EXPORT           CPU_IntDis
   41 00000000                 EXPORT           CPU_IntEn
   42 00000000         
   43 00000000                 EXPORT           CPU_SR_Save
   44 00000000                 EXPORT           CPU_SR_Restore
   45 00000000         
   46 00000000                 EXPORT           CPU_CntLeadZeros
   47 00000000                 EXPORT           CPU_RevBits
   48 00000000         
   49 00000000                 EXPORT           CPU_WaitForInt
   50 00000000                 EXPORT           CPU_WaitForExcept
   51 00000000         
   52 00000000         
   53 00000000         ;*******************************************************
                       *************************************************
   54 00000000         ;                                      CODE GENERATION D
                       IRECTIVES
   55 00000000         ;*******************************************************
                       *************************************************
   56 00000000         
   57 00000000                 PRESERVE8
   58 00000000         
   59 00000000                 AREA             |.text|,CODE,READONLY
   60 00000000         
   61 00000000                 THUMB
   62 00000000         
   63 00000000         
   64 00000000         ;$PAGE
   65 00000000         ;*******************************************************
                       *************************************************
   66 00000000         ;                                    DISABLE and ENABLE 
                       INTERRUPTS
   67 00000000         ;
   68 00000000         ; Description: Disable/Enable interrupts.
   69 00000000         ;
   70 00000000         ; Prototypes : void  CPU_IntDis(void);
   71 00000000         ;              void  CPU_IntEn (void);
   72 00000000         ;*******************************************************
                       *************************************************
   73 00000000         
   74 00000000         CPU_IntDis
   75 00000000 B672            CPSID            I
   76 00000002 4770            BX               LR
   77 00000004         
   78 00000004         
   79 00000004         CPU_IntEn
   80 00000004 B662            CPSIE            I
   81 00000006 4770            BX               LR
   82 00000008         
   83 00000008         
   84 00000008         ;*******************************************************
                       *************************************************
   85 00000008         ;                                      CRITICAL SECTION 
                       FUNCTIONS
   86 00000008         ;
   87 00000008         ; Description : Disable/Enable interrupts by preserving 
                       the state of interrupts.  Generally speaking, the



ARM Macro Assembler    Page 3 


   88 00000008         ;               state of the interrupt disable flag is s
                       tored in the local variable 'cpu_sr' & interrupts
   89 00000008         ;               are then disabled ('cpu_sr' is allocated
                        in all functions that need to disable interrupts).
   90 00000008         ;               The previous interrupt state is restored
                        by copying 'cpu_sr' into the CPU's status register.
   91 00000008         ;
   92 00000008         ; Prototypes  : CPU_SR  CPU_SR_Save   (void);
   93 00000008         ;               void    CPU_SR_Restore(CPU_SR cpu_sr);
   94 00000008         ;
   95 00000008         ; Note(s)     : (1) These functions are used in general 
                       like this:
   96 00000008         ;
   97 00000008         ;                   void  Task (void *p_arg)
   98 00000008         ;                   {
   99 00000008         ;                                                       
                               /* Allocate storage for CPU status register */
  100 00000008         ;                   #if (CPU_CFG_CRITICAL_METHOD == CPU_
                       CRITICAL_METHOD_STATUS_LOCAL)
  101 00000008         ;                       CPU_SR  cpu_sr;
  102 00000008         ;                   #endif
  103 00000008         ;
  104 00000008         ;                            :
  105 00000008         ;                            :
  106 00000008         ;                       CPU_CRITICAL_ENTER();           
                               /* cpu_sr = CPU_SR_Save();                  */
  107 00000008         ;                            :
  108 00000008         ;                            :
  109 00000008         ;                       CPU_CRITICAL_EXIT();            
                               /* CPU_SR_Restore(cpu_sr);                  */
  110 00000008         ;                            :
  111 00000008         ;                            :
  112 00000008         ;                   }
  113 00000008         ;*******************************************************
                       *************************************************
  114 00000008         
  115 00000008         CPU_SR_Save
  116 00000008 F3EF 8010       MRS              R0, PRIMASK ; Set prio int mask
                                                             to mask all (excep
                                                            t faults)
  117 0000000C B672            CPSID            I
  118 0000000E 4770            BX               LR
  119 00000010         
  120 00000010         
  121 00000010         CPU_SR_Restore                       ; See Note #2.
  122 00000010 F380 8810       MSR              PRIMASK, R0
  123 00000014 4770            BX               LR
  124 00000016         
  125 00000016         
  126 00000016         ;$PAGE
  127 00000016         ;*******************************************************
                       *************************************************
  128 00000016         ;                                         COUNT LEADING 
                       ZEROS
  129 00000016         ;
  130 00000016         ; Description : Counts the number of binary zero bits be
                       fore the first binary one bit in the argument.
  131 00000016         ;               If the argument is zero, the value 32 is
                        returned.



ARM Macro Assembler    Page 4 


  132 00000016         ;
  133 00000016         ; Prototypes  : CPU_INT32U  CPU_CntLeadZeros (CPU_INT32U
                         val)
  134 00000016         ;
  135 00000016         ; Argument(s) : val     variable to count leading zeros
  136 00000016         ;*******************************************************
                       *************************************************
  137 00000016         
  138 00000016         CPU_CntLeadZeros
  139 00000016 FAB0 F080       CLZ              R0, R0      ; Count leading zer
                                                            os
  140 0000001A 4770            BX               LR
  141 0000001C         
  142 0000001C         
  143 0000001C         ;*******************************************************
                       *************************************************
  144 0000001C         ;                                             REVERSE BI
                       TS
  145 0000001C         ;
  146 0000001C         ; Description : Reverses the bits in the argument.
  147 0000001C         ;
  148 0000001C         ; Prototypes  : CPU_INT32U  CPU_RevBits (CPU_INT32U  val
                       )
  149 0000001C         ;
  150 0000001C         ; Argument(s) : val     variable to reverse
  151 0000001C         ;*******************************************************
                       *************************************************
  152 0000001C         
  153 0000001C         CPU_RevBits
  154 0000001C FA90 F0A0       RBIT             R0, R0      ; Reverse bits
  155 00000020 4770            BX               LR
  156 00000022         
  157 00000022         
  158 00000022         ;$PAGE
  159 00000022         ;*******************************************************
                       *************************************************
  160 00000022         ;                                         WAIT FOR INTER
                       RUPT
  161 00000022         ;
  162 00000022         ; Description : Enters sleep state, which will be exited
                        when an interrupt is received.
  163 00000022         ;
  164 00000022         ; Prototypes  : void  CPU_WaitForInt (void)
  165 00000022         ;
  166 00000022         ; Argument(s) : none.
  167 00000022         ;*******************************************************
                       *************************************************
  168 00000022         
  169 00000022         CPU_WaitForInt
  170 00000022 BF30            WFI                          ; Wait for interrup
                                                            t
  171 00000024 4770            BX               LR
  172 00000026         
  173 00000026         
  174 00000026         ;*******************************************************
                       *************************************************
  175 00000026         ;                                         WAIT FOR EXCEP
                       TION
  176 00000026         ;



ARM Macro Assembler    Page 5 


  177 00000026         ; Description : Enters sleep state, which will be exited
                        when an exception is received.
  178 00000026         ;
  179 00000026         ; Prototypes  : void  CPU_WaitForExcept (void)
  180 00000026         ;
  181 00000026         ; Argument(s) : none.
  182 00000026         ;*******************************************************
                       *************************************************
  183 00000026         
  184 00000026         CPU_WaitForExcept
  185 00000026 BF20            WFE                          ; Wait for exceptio
                                                            n
  186 00000028 4770            BX               LR
  187 0000002A         
  188 0000002A         
  189 0000002A         ;$PAGE
  190 0000002A         ;*******************************************************
                       *************************************************
  191 0000002A         ;                                     CPU ASSEMBLY PORT 
                       FILE END
  192 0000002A         ;*******************************************************
                       *************************************************
  193 0000002A         
  194 0000002A                 END
Command Line: --debug --xref --diag_suppress=9931 --cpu=Cortex-M3 --apcs=interw
ork --depend=.\out\cpu_a.d -o.\out\cpu_a.o -I.\RTE\_BTB -ID:\Users\17122\AppDat
a\Local\Arm\Packs\ARM\CMSIS\5.7.0\CMSIS\Core\Include -ID:\Users\17122\AppData\L
ocal\Arm\Packs\Keil\STM32F1xx_DFP\2.3.0\Device\Include --predefine="__MICROLIB 
SETA 1" --predefine="__UVISION_VERSION SETA 527" --predefine="_RTE_ SETA 1" --p
redefine="STM32F10X_HD SETA 1" --list=.\list\cpu_a.lst ..\uC-CPU\cpu_a.asm



ARM Macro Assembler    Page 1 Alphabetic symbol ordering
Relocatable symbols

.text 00000000

Symbol: .text
   Definitions
      At line 59 in file ..\uC-CPU\cpu_a.asm
   Uses
      None
Comment: .text unused
CPU_CntLeadZeros 00000016

Symbol: CPU_CntLeadZeros
   Definitions
      At line 138 in file ..\uC-CPU\cpu_a.asm
   Uses
      At line 46 in file ..\uC-CPU\cpu_a.asm
Comment: CPU_CntLeadZeros used once
CPU_IntDis 00000000

Symbol: CPU_IntDis
   Definitions
      At line 74 in file ..\uC-CPU\cpu_a.asm
   Uses
      At line 40 in file ..\uC-CPU\cpu_a.asm
Comment: CPU_IntDis used once
CPU_IntEn 00000004

Symbol: CPU_IntEn
   Definitions
      At line 79 in file ..\uC-CPU\cpu_a.asm
   Uses
      At line 41 in file ..\uC-CPU\cpu_a.asm
Comment: CPU_IntEn used once
CPU_RevBits 0000001C

Symbol: CPU_RevBits
   Definitions
      At line 153 in file ..\uC-CPU\cpu_a.asm
   Uses
      At line 47 in file ..\uC-CPU\cpu_a.asm
Comment: CPU_RevBits used once
CPU_SR_Restore 00000010

Symbol: CPU_SR_Restore
   Definitions
      At line 121 in file ..\uC-CPU\cpu_a.asm
   Uses
      At line 44 in file ..\uC-CPU\cpu_a.asm
Comment: CPU_SR_Restore used once
CPU_SR_Save 00000008

Symbol: CPU_SR_Save
   Definitions
      At line 115 in file ..\uC-CPU\cpu_a.asm
   Uses
      At line 43 in file ..\uC-CPU\cpu_a.asm
Comment: CPU_SR_Save used once
CPU_WaitForExcept 00000026

Symbol: CPU_WaitForExcept



ARM Macro Assembler    Page 2 Alphabetic symbol ordering
Relocatable symbols

   Definitions
      At line 184 in file ..\uC-CPU\cpu_a.asm
   Uses
      At line 50 in file ..\uC-CPU\cpu_a.asm
Comment: CPU_WaitForExcept used once
CPU_WaitForInt 00000022

Symbol: CPU_WaitForInt
   Definitions
      At line 169 in file ..\uC-CPU\cpu_a.asm
   Uses
      At line 49 in file ..\uC-CPU\cpu_a.asm
Comment: CPU_WaitForInt used once
9 symbols
343 symbols in table
